c:\users\ananth\source\repos\ananthanatarajan_particlesystem\ananthanatarajan_particlesystem\debug\vc141.pdb
c:\users\ananth\source\repos\ananthanatarajan_particlesystem\ananthanatarajan_particlesystem\debug\vc141.idb
c:\users\ananth\source\repos\ananthanatarajan_particlesystem\ananthanatarajan_particlesystem\debug\state.obj
c:\users\ananth\source\repos\ananthanatarajan_particlesystem\ananthanatarajan_particlesystem\debug\imgui_widgets.obj
c:\users\ananth\source\repos\ananthanatarajan_particlesystem\ananthanatarajan_particlesystem\debug\imgui_impl_opengl3.obj
c:\users\ananth\source\repos\ananthanatarajan_particlesystem\ananthanatarajan_particlesystem\debug\imgui_impl_glfw.obj
c:\users\ananth\source\repos\ananthanatarajan_particlesystem\ananthanatarajan_particlesystem\debug\imgui_draw.obj
c:\users\ananth\source\repos\ananthanatarajan_particlesystem\ananthanatarajan_particlesystem\debug\imgui_demo.obj
c:\users\ananth\source\repos\ananthanatarajan_particlesystem\ananthanatarajan_particlesystem\debug\imgui.obj
c:\users\ananth\source\repos\ananthanatarajan_particlesystem\ananthanatarajan_particlesystem\debug\shaderprogram.obj
c:\users\ananth\source\repos\ananthanatarajan_particlesystem\ananthanatarajan_particlesystem\debug\main.obj
c:\users\ananth\source\repos\ananthanatarajan_particlesystem\ananthanatarajan_particlesystem\debug\camera.obj
c:\users\ananth\source\repos\ananthanatarajan_particlesystem\debug\ananthanatarajan_particlesystem.exe
c:\users\ananth\source\repos\ananthanatarajan_particlesystem\debug\ananthanatarajan_particlesystem.ilk
c:\users\ananth\source\repos\ananthanatarajan_particlesystem\debug\ananthanatarajan_particlesystem.pdb
c:\users\ananth\source\repos\ananthanatarajan_particlesystem\ananthanatarajan_particlesystem\debug\ananthan.3d22e3d7.tlog\cl.command.1.tlog
c:\users\ananth\source\repos\ananthanatarajan_particlesystem\ananthanatarajan_particlesystem\debug\ananthan.3d22e3d7.tlog\cl.read.1.tlog
c:\users\ananth\source\repos\ananthanatarajan_particlesystem\ananthanatarajan_particlesystem\debug\ananthan.3d22e3d7.tlog\cl.write.1.tlog
c:\users\ananth\source\repos\ananthanatarajan_particlesystem\ananthanatarajan_particlesystem\debug\ananthan.3d22e3d7.tlog\link.command.1.tlog
c:\users\ananth\source\repos\ananthanatarajan_particlesystem\ananthanatarajan_particlesystem\debug\ananthan.3d22e3d7.tlog\link.read.1.tlog
c:\users\ananth\source\repos\ananthanatarajan_particlesystem\ananthanatarajan_particlesystem\debug\ananthan.3d22e3d7.tlog\link.write.1.tlog
